0 info it worked if it ends with ok
1 verbose cli [ 'C:\\ProgramData\\App-V\\3E42E5D8-26E9-4BFE-8934-FA8CF7F42C87\\3823C655-3E3D-4D96-86AA-E21E98D820D4\\Root\\node.exe',
1 verbose cli   'C:\\Users\\VALERY\\AppData\\Local\\Microsoft\\AppV\\Client\\Integration\\3E42E5D8-26E9-4BFE-8934-FA8CF7F42C87\\Root\\node_modules\\npm\\bin\\npm-cli.js',
1 verbose cli   'start' ]
2 info using npm@2.7.4
3 info using node@v0.12.2
4 verbose run-script [ 'prestart', 'start', 'poststart' ]
5 info prestart hot-node-example@1.0.0
6 info start hot-node-example@1.0.0
7 verbose unsafe-perm in lifecycle true
8 info hot-node-example@1.0.0 Failed to exec start script
9 verbose stack Error: hot-node-example@1.0.0 start: `node out/bundle.js`
9 verbose stack Exit status 1
9 verbose stack     at EventEmitter.<anonymous> (C:\ProgramData\App-V\3E42E5D8-26E9-4BFE-8934-FA8CF7F42C87\3823C655-3E3D-4D96-86AA-E21E98D820D4\Root\node_modules\npm\lib\utils\lifecycle.js:213:16)
9 verbose stack     at EventEmitter.emit (events.js:110:17)
9 verbose stack     at ChildProcess.<anonymous> (C:\ProgramData\App-V\3E42E5D8-26E9-4BFE-8934-FA8CF7F42C87\3823C655-3E3D-4D96-86AA-E21E98D820D4\Root\node_modules\npm\lib\utils\spawn.js:14:12)
9 verbose stack     at ChildProcess.emit (events.js:110:17)
9 verbose stack     at maybeClose (child_process.js:1015:16)
9 verbose stack     at Process.ChildProcess._handle.onexit (child_process.js:1087:5)
10 verbose pkgid hot-node-example@1.0.0
11 verbose cwd C:\JUL\DEV\github\hot-node-example
12 error Windows_NT 6.3.9600
13 error argv "C:\\ProgramData\\App-V\\3E42E5D8-26E9-4BFE-8934-FA8CF7F42C87\\3823C655-3E3D-4D96-86AA-E21E98D820D4\\Root\\node.exe" "C:\\Users\\VALERY\\AppData\\Local\\Microsoft\\AppV\\Client\\Integration\\3E42E5D8-26E9-4BFE-8934-FA8CF7F42C87\\Root\\node_modules\\npm\\bin\\npm-cli.js" "start"
14 error node v0.12.2
15 error npm  v2.7.4
16 error code ELIFECYCLE
17 error hot-node-example@1.0.0 start: `node out/bundle.js`
17 error Exit status 1
18 error Failed at the hot-node-example@1.0.0 start script 'node out/bundle.js'.
18 error This is most likely a problem with the hot-node-example package,
18 error not with npm itself.
18 error Tell the author that this fails on your system:
18 error     node out/bundle.js
18 error You can get their info via:
18 error     npm owner ls hot-node-example
18 error There is likely additional logging output above.
19 verbose exit [ 1, true ]
